2025-03-28 12:20:36,208; INFO; Optimization p_max/p_min with configuration: {'STRATEGIES': ['Hub'], 'ladequote': 0.8, 'netz': 100, 'power': '100-100-100', 'pause': '45-540'}
2025-03-28 12:20:36,209; INFO; Optimizing for scenario ['Hub']
2025-03-28 12:20:36,209; INFO; Using configuration parameters: {'ladequote': 0.8, 'netz': 100, 'power': '100-100-100', 'pause': '45-540'}
2025-03-28 12:20:36,209; INFO; Script directory: c:\Users\sande\OneDrive\Dokumente\GitHub\ChargingHub_Optimization\scripts\charginghub_setup
2025-03-28 12:20:36,210; INFO; Root directory: c:\Users\sande\OneDrive\Dokumente\GitHub\ChargingHub_Optimization
2025-03-28 12:20:36,210; INFO; Checking charging config path: c:\Users\sande\OneDrive\Dokumente\GitHub\ChargingHub_Optimization\data\load\truckdata\charging_config_base.json
2025-03-28 12:20:36,244; INFO; Loading charging hub config from: c:\Users\sande\OneDrive\Dokumente\GitHub\ChargingHub_Optimization\data\load\truckdata\charging_config_base.json
2025-03-28 12:20:36,250; INFO; Successfully loaded charging hub config
2025-03-28 12:20:36,251; INFO; Using truck data from charging_config_base.json - 278 trucks found
2025-03-28 12:20:36,296; INFO; Created rows: 2016, Index mapping entries: 2016
2025-03-28 12:20:36,333; INFO; Set parameter Username
2025-03-28 12:20:36,333; INFO; Set parameter LicenseID to value 2597860
2025-03-28 12:20:36,337; INFO; Academic license - for non-commercial use only - expires 2025-12-10
2025-03-28 12:20:45,032; INFO; Optimizing with Hub strategy - minimizing peak load
2025-03-28 13:00:36,178; INFO; Optimization p_max/p_min with configuration: {'STRATEGIES': ['Hub'], 'ladequote': 0.8, 'netz': 100, 'power': '100-100-100', 'pause': '45-540'}
2025-03-28 13:00:36,179; INFO; Optimizing for scenario ['Hub']
2025-03-28 13:00:36,179; INFO; Using configuration parameters: {'ladequote': 0.8, 'netz': 100, 'power': '100-100-100', 'pause': '45-540'}
2025-03-28 13:00:36,180; INFO; Script directory: c:\Users\sande\OneDrive\Dokumente\GitHub\ChargingHub_Optimization\scripts\charginghub_setup
2025-03-28 13:00:36,180; INFO; Root directory: c:\Users\sande\OneDrive\Dokumente\GitHub\ChargingHub_Optimization
2025-03-28 13:00:36,180; INFO; Checking charging config path: c:\Users\sande\OneDrive\Dokumente\GitHub\ChargingHub_Optimization\data\load\truckdata\charging_config_base.json
2025-03-28 13:00:36,181; INFO; Loading charging hub config from: c:\Users\sande\OneDrive\Dokumente\GitHub\ChargingHub_Optimization\data\load\truckdata\charging_config_base.json
2025-03-28 13:00:36,185; INFO; Successfully loaded charging hub config
2025-03-28 13:00:36,185; INFO; Using truck data from charging_config_base.json - 278 trucks found
2025-03-28 13:00:36,237; INFO; Created rows: 2016, Index mapping entries: 2016
2025-03-28 13:00:36,245; INFO; Set parameter Username
2025-03-28 13:00:36,245; INFO; Set parameter LicenseID to value 2597860
2025-03-28 13:00:36,249; INFO; Academic license - for non-commercial use only - expires 2025-12-10
2025-03-28 13:00:45,744; INFO; Optimizing with Hub strategy - minimizing peak load
2025-03-28 13:00:53,840; INFO; Saving simplified load profile data to JSON file
2025-03-28 13:00:53,938; INFO; Successfully saved load profile data to: c:\Users\sande\OneDrive\Dokumente\GitHub\ChargingHub_Optimization\scripts\charginghub_setup\data\epex\json_output\simplified_charging_data_100-100-100.json
2025-03-28 13:11:31,370; INFO; Optimization p_max/p_min with configuration: {'STRATEGIES': ['Hub'], 'ladequote': 0.8, 'power': '100-100-100', 'pause': '45-540'}
2025-03-28 13:11:31,370; INFO; Optimizing for scenario ['Hub']
2025-03-28 13:11:56,943; INFO; Optimization p_max/p_min with configuration: {'STRATEGIES': ['Hub'], 'ladequote': 0.8, 'power': '100-100-100', 'pause': '45-540'}
2025-03-28 13:11:56,943; INFO; Optimizing for scenario ['Hub']
2025-03-28 13:11:56,943; INFO; Using configuration parameters: {'ladequote': 0.8, 'power': '100-100-100', 'pause': '45-540'}
2025-03-28 13:11:56,944; INFO; Script directory: c:\Users\sande\OneDrive\Dokumente\GitHub\ChargingHub_Optimization\scripts\charginghub_setup
2025-03-28 13:11:56,944; INFO; Root directory: c:\Users\sande\OneDrive\Dokumente\GitHub\ChargingHub_Optimization
2025-03-28 13:11:56,944; INFO; Checking charging config path: c:\Users\sande\OneDrive\Dokumente\GitHub\ChargingHub_Optimization\data\load\truckdata\charging_config_base.json
2025-03-28 13:11:56,944; INFO; Loading charging hub config from: c:\Users\sande\OneDrive\Dokumente\GitHub\ChargingHub_Optimization\data\load\truckdata\charging_config_base.json
2025-03-28 13:11:56,947; INFO; Successfully loaded charging hub config
2025-03-28 13:11:56,947; INFO; Using truck data from charging_config_base.json - 278 trucks found
2025-03-28 13:11:56,961; INFO; Created rows: 2016, Index mapping entries: 2016
2025-03-28 13:11:56,964; INFO; Set parameter Username
2025-03-28 13:11:56,964; INFO; Set parameter LicenseID to value 2597860
2025-03-28 13:11:56,966; INFO; Academic license - for non-commercial use only - expires 2025-12-10
2025-03-28 13:11:59,747; INFO; Optimizing with Hub strategy - minimizing peak load
2025-03-28 13:12:02,642; INFO; Saving simplified load profile data to JSON file
2025-03-28 13:12:02,670; INFO; Successfully saved load profile data to: c:\Users\sande\OneDrive\Dokumente\GitHub\ChargingHub_Optimization\scripts\charginghub_setup\data\epex\json_output\simplified_charging_data_100-100-100.json
2025-03-28 14:41:57,182; INFO; Optimization p_max/p_min with configuration: {'STRATEGIES': ['Hub'], 'ladequote': 0.8, 'power': '100-100-100', 'pause': '45-540'}
2025-03-28 14:41:57,183; INFO; Optimizing for scenario ['Hub']
2025-03-28 14:41:57,183; INFO; Using configuration parameters: {'ladequote': 0.8, 'power': '100-100-100', 'pause': '45-540'}
2025-03-28 14:41:57,183; INFO; Script directory: c:\Users\sande\OneDrive\Dokumente\GitHub\ChargingHub_Optimization\scripts\charginghub_setup
2025-03-28 14:41:57,183; INFO; Root directory: c:\Users\sande\OneDrive\Dokumente\GitHub\ChargingHub_Optimization
2025-03-28 14:41:57,183; INFO; Checking charging config path: c:\Users\sande\OneDrive\Dokumente\GitHub\ChargingHub_Optimization\data\load\truckdata\charging_config_base.json
2025-03-28 14:41:57,184; INFO; Loading charging hub config from: c:\Users\sande\OneDrive\Dokumente\GitHub\ChargingHub_Optimization\data\load\truckdata\charging_config_base.json
2025-03-28 14:41:57,199; INFO; Successfully loaded charging hub config
2025-03-28 14:41:57,199; INFO; Using truck data from charging_config_base.json - 278 trucks found
2025-03-28 14:41:57,215; INFO; Created rows: 2016, Index mapping entries: 2016
2025-03-28 14:41:57,235; INFO; Set parameter Username
2025-03-28 14:41:57,236; INFO; Set parameter LicenseID to value 2597860
2025-03-28 14:41:57,238; INFO; Academic license - for non-commercial use only - expires 2025-12-10
2025-03-28 14:41:59,966; INFO; Optimizing with Hub strategy - minimizing peak load
2025-03-28 14:42:02,748; INFO; Saving simplified load profile data to JSON file
2025-03-28 14:42:02,774; INFO; Successfully saved load profile data to: c:\Users\sande\OneDrive\Dokumente\GitHub\ChargingHub_Optimization\scripts\charginghub_setup\data\epex\json_output\simplified_charging_data.json
2025-03-28 14:46:54,089; INFO; Optimization p_max/p_min with configuration: {'STRATEGIES': ['Hub'], 'ladequote': 0.8, 'power': '100-100-100', 'pause': '45-540'}
2025-03-28 14:46:54,090; INFO; Optimizing for scenario ['Hub']
2025-03-28 14:46:54,090; INFO; Using configuration parameters: {'ladequote': 0.8, 'power': '100-100-100', 'pause': '45-540'}
2025-03-28 14:46:54,090; INFO; Script directory: c:\Users\sande\OneDrive\Dokumente\GitHub\ChargingHub_Optimization\scripts\charginghub_setup
2025-03-28 14:46:54,090; INFO; Root directory: c:\Users\sande\OneDrive\Dokumente\GitHub\ChargingHub_Optimization
2025-03-28 14:46:54,090; INFO; Checking charging config path: c:\Users\sande\OneDrive\Dokumente\GitHub\ChargingHub_Optimization\data\load\truckdata\charging_config_base.json
2025-03-28 14:46:54,091; INFO; Loading charging hub config from: c:\Users\sande\OneDrive\Dokumente\GitHub\ChargingHub_Optimization\data\load\truckdata\charging_config_base.json
2025-03-28 14:46:54,092; INFO; Successfully loaded charging hub config
2025-03-28 14:46:54,092; INFO; Using truck data from charging_config_base.json - 278 trucks found
2025-03-28 14:46:54,097; INFO; Created rows: 2016, Index mapping entries: 2016
2025-03-28 14:46:54,101; INFO; Set parameter Username
2025-03-28 14:46:54,101; INFO; Set parameter LicenseID to value 2597860
2025-03-28 14:46:54,104; INFO; Academic license - for non-commercial use only - expires 2025-12-10
2025-03-28 14:46:56,892; INFO; Optimizing with Hub strategy - minimizing peak load
2025-03-28 14:46:59,441; INFO; Saving simplified load profile data to load folder
2025-03-28 14:46:59,463; INFO; Successfully saved load profile data to: c:\Users\sande\OneDrive\Dokumente\GitHub\ChargingHub_Optimization\data\load\simplified_charging_data.json
2025-03-28 14:47:21,127; INFO; Optimization p_max/p_min with configuration: {'STRATEGIES': ['Konstant'], 'ladequote': 0.8, 'power': '100-100-100', 'pause': '45-540'}
2025-03-28 14:47:21,127; INFO; Optimizing for scenario ['Konstant']
2025-03-28 14:47:21,128; INFO; Using configuration parameters: {'ladequote': 0.8, 'power': '100-100-100', 'pause': '45-540'}
2025-03-28 14:47:21,128; INFO; Script directory: c:\Users\sande\OneDrive\Dokumente\GitHub\ChargingHub_Optimization\scripts\charginghub_setup
2025-03-28 14:47:21,128; INFO; Root directory: c:\Users\sande\OneDrive\Dokumente\GitHub\ChargingHub_Optimization
2025-03-28 14:47:21,128; INFO; Checking charging config path: c:\Users\sande\OneDrive\Dokumente\GitHub\ChargingHub_Optimization\data\load\truckdata\charging_config_base.json
2025-03-28 14:47:21,129; INFO; Loading charging hub config from: c:\Users\sande\OneDrive\Dokumente\GitHub\ChargingHub_Optimization\data\load\truckdata\charging_config_base.json
2025-03-28 14:47:21,130; INFO; Successfully loaded charging hub config
2025-03-28 14:47:21,131; INFO; Using truck data from charging_config_base.json - 278 trucks found
2025-03-28 14:47:21,136; INFO; Created rows: 2016, Index mapping entries: 2016
2025-03-28 14:47:21,139; INFO; Set parameter Username
2025-03-28 14:47:21,140; INFO; Set parameter LicenseID to value 2597860
2025-03-28 14:47:21,142; INFO; Academic license - for non-commercial use only - expires 2025-12-10
2025-03-28 14:47:26,634; INFO; Saving simplified load profile data to load folder
2025-03-28 14:47:26,658; INFO; Successfully saved load profile data to: c:\Users\sande\OneDrive\Dokumente\GitHub\ChargingHub_Optimization\data\load\simplified_charging_data.json
2025-03-28 14:47:41,912; INFO; Optimization p_max/p_min with configuration: {'STRATEGIES': ['T_min'], 'ladequote': 0.8, 'power': '100-100-100', 'pause': '45-540'}
2025-03-28 14:47:41,912; INFO; Optimizing for scenario ['T_min']
2025-03-28 14:47:41,913; INFO; Using configuration parameters: {'ladequote': 0.8, 'power': '100-100-100', 'pause': '45-540'}
2025-03-28 14:47:41,913; INFO; Script directory: c:\Users\sande\OneDrive\Dokumente\GitHub\ChargingHub_Optimization\scripts\charginghub_setup
2025-03-28 14:47:41,913; INFO; Root directory: c:\Users\sande\OneDrive\Dokumente\GitHub\ChargingHub_Optimization
2025-03-28 14:47:41,913; INFO; Checking charging config path: c:\Users\sande\OneDrive\Dokumente\GitHub\ChargingHub_Optimization\data\load\truckdata\charging_config_base.json
2025-03-28 14:47:41,914; INFO; Loading charging hub config from: c:\Users\sande\OneDrive\Dokumente\GitHub\ChargingHub_Optimization\data\load\truckdata\charging_config_base.json
2025-03-28 14:47:41,916; INFO; Successfully loaded charging hub config
2025-03-28 14:47:41,916; INFO; Using truck data from charging_config_base.json - 278 trucks found
2025-03-28 14:47:41,921; INFO; Created rows: 2016, Index mapping entries: 2016
2025-03-28 14:47:41,925; INFO; Set parameter Username
2025-03-28 14:47:41,925; INFO; Set parameter LicenseID to value 2597860
2025-03-28 14:47:41,927; INFO; Academic license - for non-commercial use only - expires 2025-12-10
2025-03-28 14:47:46,394; INFO; Saving simplified load profile data to load folder
2025-03-28 14:47:46,416; INFO; Successfully saved load profile data to: c:\Users\sande\OneDrive\Dokumente\GitHub\ChargingHub_Optimization\data\load\simplified_charging_data.json
